<?xml version="1.0" encoding="UTF-8"?>
<!-- Generated by org.testng.reporters.JUnitReportReporter -->
<testsuite hostname="YadavShivansh" failures="0" tests="3" name="worldClock.TestRunner.loginTestRunner" time="56.283" errors="0" timestamp="2024-02-13T22:58:59 IST" skipped="0">
  <testcase classname="worldClock.TestRunner.loginTestRunner" name="runScenario" time="9.051"/>
  <system-out/>
  <testcase classname="worldClock.TestRunner.loginTestRunner" name="runScenario" time="12.219"/>
  <system-out/>
  <testcase classname="worldClock.TestRunner.loginTestRunner" name="runScenario" time="35.013"/>
  <system-out/>
</testsuite> <!-- worldClock.TestRunner.loginTestRunner -->
