<?xml version="1.0" encoding="UTF-8"?>
<!-- Generated by org.testng.reporters.JUnitReportReporter -->
<testsuite hostname="LTIN204636" failures="0" tests="3" name="worldClock.TestRunner.loginTestRunner" time="165.393" errors="0" timestamp="2024-02-13T16:06:26 IST" skipped="0">
  <testcase classname="worldClock.TestRunner.loginTestRunner" name="runScenario" time="133.512"/>
  <testcase classname="worldClock.TestRunner.loginTestRunner" name="runScenario" time="7.481"/>
  <testcase classname="worldClock.TestRunner.loginTestRunner" name="runScenario" time="24.400"/>
</testsuite> <!-- worldClock.TestRunner.loginTestRunner -->
